INFO	2021-02-20 15:50:43,114	[logger.py:46]	HELLO WORD!你好!
INFO	2021-02-20 15:51:12,273	[logger.py:46]	HELLO WORD!你好!
INFO	2021-02-20 16:39:06,592	[webpage.py:32]	打开网页：https://www.baidu.com
INFO	2021-02-20 16:39:07,249	[webpage.py:64]	输入文本：selenium
INFO	2021-02-20 16:39:09,303	[webpage.py:70]	点击元素：('id', 'su')
INFO	2021-02-20 16:39:09,347	[test_search.py:23]	<re.Match object; span=(404, 412), match='selenium'>
INFO	2021-02-20 16:39:09,534	[webpage.py:32]	打开网页：https://www.baidu.com
INFO	2021-02-20 16:39:10,153	[webpage.py:64]	输入文本：selenium
INFO	2021-02-20 16:39:11,271	[test_search.py:30]	['selenium', 'selenium是什么意思', 'selenium自动化测试框架', 'selenium python', 'selenium定位元素的方法', 'selenium max', 'selenium库', 'selenium硒片的功效', 'selenium3', 'selenium反爬']
INFO	2021-02-20 16:41:38,605	[webpage.py:32]	打开网页：https://www.baidu.com
INFO	2021-02-20 16:41:39,270	[webpage.py:64]	输入文本：selenium
INFO	2021-02-20 16:41:41,320	[webpage.py:70]	点击元素：('id', 'su')
INFO	2021-02-20 16:41:41,401	[test_search.py:23]	<re.Match object; span=(547, 555), match='selenium'>
INFO	2021-02-20 16:41:41,605	[webpage.py:32]	打开网页：https://www.baidu.com
INFO	2021-02-20 16:41:42,243	[webpage.py:64]	输入文本：selenium
INFO	2021-02-20 16:41:43,382	[test_search.py:30]	['selenium', 'selenium是什么意思', 'selenium自动化测试框架', 'selenium python', 'selenium定位元素的方法', 'selenium max', 'selenium库', 'selenium硒片的功效', 'selenium3', 'selenium反爬']
INFO	2021-02-20 16:54:51,364	[webpage.py:32]	打开网页：https://www.baidu.com
INFO	2021-02-20 16:54:52,021	[webpage.py:64]	输入文本：selenium
INFO	2021-02-20 16:54:54,088	[webpage.py:70]	点击元素：('id', 'su')
INFO	2021-02-20 16:54:54,178	[test_search.py:23]	<re.Match object; span=(547, 555), match='selenium'>
INFO	2021-02-20 16:54:54,386	[webpage.py:32]	打开网页：https://www.baidu.com
INFO	2021-02-20 16:54:55,037	[webpage.py:64]	输入文本：selenium
INFO	2021-02-20 16:54:56,178	[test_search.py:30]	['selenium', 'selenium是什么意思', 'selenium自动化测试框架', 'selenium python', 'selenium定位元素的方法', 'selenium max', 'selenium库', 'selenium硒片的功效', 'selenium3', 'selenium反爬']
INFO	2021-02-20 16:56:12,233	[webpage.py:32]	打开网页：https://www.baidu.com
INFO	2021-02-20 16:56:13,211	[webpage.py:64]	输入文本：seleniumxxxxxxxxxxxxxxxxxxxxxxxxxxxxxxxxxxxxxxxxxxxxxxxxxxx
INFO	2021-02-20 16:56:15,294	[webpage.py:70]	点击元素：('id', 'su')
INFO	2021-02-20 16:56:15,334	[test_search.py:23]	<re.Match object; span=(404, 412), match='selenium'>
INFO	2021-02-20 16:56:15,540	[webpage.py:32]	打开网页：https://www.baidu.com
INFO	2021-02-20 16:56:16,159	[webpage.py:64]	输入文本：selenium
INFO	2021-02-20 16:56:17,290	[test_search.py:30]	['selenium是什么意思', 'selenium自动化测试框架', 'selenium python', 'selenium定位元素的方法', 'selenium max', 'selenium库', 'selenium硒片的功效', 'selenium3', 'selenium反爬', 'selenium webdriver']
INFO	2021-02-20 17:30:09,201	[webpage.py:32]	打开网页：https://www.baidu.com
INFO	2021-02-20 17:30:09,833	[webpage.py:64]	输入文本：selenium
INFO	2021-02-20 17:30:11,913	[webpage.py:70]	点击元素：('id', 'su')
INFO	2021-02-20 17:30:11,972	[test_aa.py:23]	<re.Match object; span=(404, 412), match='selenium'>
INFO	2021-02-20 17:30:12,311	[webpage.py:32]	打开网页：https://www.baidu.com
INFO	2021-02-20 17:30:12,972	[webpage.py:64]	输入文本：selenium
INFO	2021-02-20 17:30:14,092	[test_aa.py:30]	['selenium', 'selenium是什么意思', 'selenium自动化测试框架', 'selenium python', 'selenium定位元素的方法', 'selenium max', 'selenium库', 'selenium硒片的功效', 'selenium3', 'selenium反爬']
INFO	2021-02-23 16:35:56,955	[webpage.py:32]	打开网页：https://www.baidu.com
INFO	2021-02-23 16:35:58,052	[webpage.py:64]	输入文本：seleniumxxxxxxxxxxxxxxxxxxxxxxxxxxxxxxxxxxxxxxxxxxxxxxxxxxx
INFO	2021-02-23 16:36:00,449	[webpage.py:70]	点击元素：('id', 'su')
INFO	2021-02-23 16:36:00,488	[test_search.py:23]	<re.Match object; span=(404, 412), match='selenium'>
INFO	2021-02-23 16:36:00,709	[webpage.py:32]	打开网页：https://www.baidu.com
INFO	2021-02-23 16:36:01,321	[webpage.py:64]	输入文本：selenium
INFO	2021-02-23 16:36:02,452	[test_search.py:30]	['selenium是什么意思', 'selenium自动化测试框架', 'selenium python', 'selenium硒片的功效', 'selenium库', 'selenium定位元素的方法', 'selenium max', 'selenium定位元素', 'selenium反爬', 'selenium中文文档']
